<?xml version="1.0" encoding="UTF-8"?>
<testng-results skipped="0" failed="0" ignored="0" total="1" passed="1">
  <reporter-output>
  </reporter-output>
  <suite name="Suite" duration-ms="50514" started-at="2019-03-13T22:33:24Z" finished-at="2019-03-13T22:34:15Z">
    <groups>
    </groups>
    <test name="Test" duration-ms="50514" started-at="2019-03-13T22:33:24Z" finished-at="2019-03-13T22:34:15Z">
      <class name="testing.com.AutomationTestCase">
        <test-method status="PASS" signature="testcase()[pri:0, instance:testing.com.AutomationTestCase@7d68ef40]" name="testcase" duration-ms="50337" started-at="2019-03-13T22:33:24Z" finished-at="2019-03-13T22:34:15Z">
          <reporter-output>
          </reporter-output>
        </test-method> <!-- testcase -->
      </class> <!-- testing.com.AutomationTestCase -->
    </test> <!-- Test -->
  </suite> <!-- Suite -->
</testng-results>
