<?xml version="1.0" encoding="UTF-8"?>
<testng-results skipped="0" failed="0" ignored="0" total="1" passed="1">
  <reporter-output>
  </reporter-output>
  <suite name="Default suite" duration-ms="41332" started-at="2019-03-13T17:39:35 COT" finished-at="2019-03-13T17:40:16 COT">
    <groups>
    </groups>
    <test name="Default test" duration-ms="41332" started-at="2019-03-13T17:39:35 COT" finished-at="2019-03-13T17:40:16 COT">
      <class name="tests.Tests">
        <test-method status="PASS" signature="setUp()[pri:0, instance:tests.Tests@5ce81285]" name="setUp" is-config="true" duration-ms="33057" started-at="2019-03-13T17:39:35 COT" finished-at="2019-03-13T17:40:08 COT">
          <reporter-output>
          </reporter-output>
        </test-method> <!-- setUp -->
        <test-method status="PASS" signature="pruebaUno()[pri:0, instance:tests.Tests@5ce81285]" name="pruebaUno" duration-ms="7800" started-at="2019-03-13T17:40:08 COT" finished-at="2019-03-13T17:40:16 COT">
          <reporter-output>
          </reporter-output>
        </test-method> <!-- pruebaUno -->
        <test-method status="PASS" signature="tearDown()[pri:0, instance:tests.Tests@5ce81285]" name="tearDown" is-config="true" duration-ms="362" started-at="2019-03-13T17:40:16 COT" finished-at="2019-03-13T17:40:16 COT">
          <reporter-output>
          </reporter-output>
        </test-method> <!-- tearDown -->
      </class> <!-- tests.Tests -->
    </test> <!-- Default test -->
  </suite> <!-- Default suite -->
</testng-results>
